<?xml version="1.0" encoding="UTF-8"?>
<!-- Generated by org.testng.reporters.JUnitReportReporter -->
<testsuite hostname="DESKTOP-K1VU29F" failures="0" tests="2" name="links.broken.BrokenLinks" time="8.547" errors="0" timestamp="18 Nov 2023 21:32:32 GMT" skipped="1">
  <testcase classname="links.broken.BrokenLinks" name="xpath" time="8.547"/>
  <testcase classname="links.broken.BrokenLinks" name="brokenLinks">
    <skipped/>
  </testcase> <!-- brokenLinks -->
</testsuite> <!-- links.broken.BrokenLinks -->
